[0m08:12:58.405051 [debug] [MainThread]: Sending event: {'category': 'dbt', 'action': 'invocation', 'label': 'start', 'context': [<snowplow_tracker.self_describing_json.SelfDescribingJson object at 0x79078dd03c50>, <snowplow_tracker.self_describing_json.SelfDescribingJson object at 0x79078ecf67b0>, <snowplow_tracker.self_describing_json.SelfDescribingJson object at 0x79078dd037d0>]}


============================== 08:12:58.465819 | 4765e121-d68c-4107-a671-e3e2c997103b ==============================
[0m08:12:58.465819 [info ] [MainThread]: Running with dbt=1.11.7
[0m08:12:58.467377 [debug] [MainThread]: running dbt with arguments {'invocation_command': 'dbt init dbt-zoomcamp', 'version_check': 'True', 'fail_fast': 'False', 'introspect': 'True', 'profiles_dir': '/home/codespace/.dbt', 'cache_selected_only': 'False', 'quiet': 'False', 'target_path': 'None', 'write_json': 'True', 'debug': 'False', 'printer_width': '80', 'send_anonymous_usage_stats': 'True', 'partial_parse': 'True', 'log_path': 'logs', 'warn_error': 'None', 'indirect_selection': 'eager', 'use_experimental_parser': 'False', 'empty': 'None', 'warn_error_options': 'WarnErrorOptionsV2(error=[], warn=[], silence=[])', 'use_colors': 'True', 'log_format': 'default', 'static_parser': 'True', 'no_print': 'None', 'log_cache_events': 'False'}
[0m08:12:58.492540 [info ] [MainThread]: Creating dbt configuration folder at /home/codespace/.dbt
[0m08:13:09.878857 [debug] [MainThread]: Starter project path: /workspaces/zoomcamp-project/dbt/dbt-env/lib/python3.12/site-packages/dbt/include/starter_project
[0m08:13:09.895679 [info ] [MainThread]: 
Your new dbt project "zoomcamp" was created!

For more information on how to configure the profiles.yml file,
please consult the dbt documentation here:

  https://docs.getdbt.com/docs/configure-your-profile

One more thing:

Need help? Don't hesitate to reach out to us via GitHub issues or on Slack:

  https://community.getdbt.com/

Happy modeling!

[0m08:13:09.897103 [info ] [MainThread]: Setting up your profile.
[0m08:15:16.330655 [info ] [MainThread]: Profile zoomcamp written to /home/codespace/.dbt/profiles.yml using target's profile_template.yml and your supplied values. Run 'dbt debug' to validate the connection.
[0m08:15:16.332090 [debug] [MainThread]: Resource report: {"command_name": "init", "command_success": true, "command_wall_clock_time": 138.00221, "process_in_blocks": "81480", "process_kernel_time": 0.530592, "process_mem_max_rss": "223444", "process_out_blocks": "80", "process_user_time": 3.072476}
[0m08:15:16.337431 [debug] [MainThread]: Command `dbt init` succeeded at 08:15:16.337184 after 138.01 seconds
[0m08:15:16.338742 [debug] [MainThread]: Sending event: {'category': 'dbt', 'action': 'invocation', 'label': 'end', 'context': [<snowplow_tracker.self_describing_json.SelfDescribingJson object at 0x79078d47c9e0>, <snowplow_tracker.self_describing_json.SelfDescribingJson object at 0x790778a6b2c0>, <snowplow_tracker.self_describing_json.SelfDescribingJson object at 0x7907795b5730>]}
[0m08:15:16.339855 [debug] [MainThread]: Flushing usage events
[0m08:15:17.641864 [debug] [MainThread]: An error was encountered while trying to flush usage events
[0m08:16:19.019339 [debug] [MainThread]: Sending event: {'category': 'dbt', 'action': 'invocation', 'label': 'start', 'context': [<snowplow_tracker.self_describing_json.SelfDescribingJson object at 0x76f7be1eb1a0>, <snowplow_tracker.self_describing_json.SelfDescribingJson object at 0x76f7bd967470>, <snowplow_tracker.self_describing_json.SelfDescribingJson object at 0x76f7bd966c60>]}


============================== 08:16:19.026026 | cfaac2e1-4686-4668-aa49-5b408ef3e7bb ==============================
[0m08:16:19.026026 [info ] [MainThread]: Running with dbt=1.11.7
[0m08:16:19.027848 [debug] [MainThread]: running dbt with arguments {'log_path': 'logs', 'send_anonymous_usage_stats': 'True', 'partial_parse': 'True', 'invocation_command': 'dbt debug', 'static_parser': 'True', 'indirect_selection': 'eager', 'introspect': 'True', 'warn_error_options': 'WarnErrorOptionsV2(error=[], warn=[], silence=[])', 'profiles_dir': '/home/codespace/.dbt', 'warn_error': 'None', 'debug': 'False', 'empty': 'None', 'log_cache_events': 'False', 'quiet': 'False', 'version_check': 'True', 'target_path': 'None', 'fail_fast': 'False', 'use_colors': 'True', 'cache_selected_only': 'False', 'no_print': 'None', 'log_format': 'default', 'printer_width': '80', 'write_json': 'True', 'use_experimental_parser': 'False'}
[0m08:16:19.046061 [info ] [MainThread]: dbt version: 1.11.7
[0m08:16:19.047803 [info ] [MainThread]: python version: 3.12.1
[0m08:16:19.049005 [info ] [MainThread]: python path: /workspaces/zoomcamp-project/dbt/dbt-env/bin/python3
[0m08:16:19.050128 [info ] [MainThread]: os info: Linux-6.8.0-1044-azure-x86_64-with-glibc2.39
[0m08:16:20.491498 [info ] [MainThread]: Using profiles dir at /home/codespace/.dbt
[0m08:16:20.492326 [info ] [MainThread]: Using profiles.yml file at /home/codespace/.dbt/profiles.yml
[0m08:16:20.493044 [info ] [MainThread]: Using dbt_project.yml file at /workspaces/zoomcamp-project/dbt/dbt_project.yml
[0m08:16:20.493664 [info ] [MainThread]: adapter type: bigquery
[0m08:16:20.494273 [info ] [MainThread]: adapter version: 1.11.1
[0m08:16:20.494899 [info ] [MainThread]: Configuration:
[0m08:16:20.495448 [info ] [MainThread]:   profiles.yml file [[32mOK found and valid[0m]
[0m08:16:20.496034 [info ] [MainThread]:   dbt_project.yml file [[31mERROR not found[0m]
[0m08:16:20.496577 [info ] [MainThread]: Required dependencies:
[0m08:16:20.497270 [debug] [MainThread]: Executing "git --help"
[0m08:16:20.504562 [debug] [MainThread]: STDOUT: "b"usage: git [-v | --version] [-h | --help] [-C <path>] [-c <name>=<value>]\n           [--exec-path[=<path>]] [--html-path] [--man-path] [--info-path]\n           [-p | --paginate | -P | --no-pager] [--no-replace-objects] [--no-lazy-fetch]\n           [--no-optional-locks] [--no-advice] [--bare] [--git-dir=<path>]\n           [--work-tree=<path>] [--namespace=<name>] [--config-env=<name>=<envvar>]\n           <command> [<args>]\n\nThese are common Git commands used in various situations:\n\nstart a working area (see also: git help tutorial)\n   clone      Clone a repository into a new directory\n   init       Create an empty Git repository or reinitialize an existing one\n\nwork on the current change (see also: git help everyday)\n   add        Add file contents to the index\n   mv         Move or rename a file, a directory, or a symlink\n   restore    Restore working tree files\n   rm         Remove files from the working tree and from the index\n\nexamine the history and state (see also: git help revisions)\n   bisect     Use binary search to find the commit that introduced a bug\n   diff       Show changes between commits, commit and working tree, etc\n   grep       Print lines matching a pattern\n   log        Show commit logs\n   show       Show various types of objects\n   status     Show the working tree status\n\ngrow, mark and tweak your common history\n   backfill   Download missing objects in a partial clone\n   branch     List, create, or delete branches\n   commit     Record changes to the repository\n   merge      Join two or more development histories together\n   rebase     Reapply commits on top of another base tip\n   reset      Reset current HEAD to the specified state\n   switch     Switch branches\n   tag        Create, list, delete or verify tags\n\ncollaborate (see also: git help workflows)\n   fetch      Download objects and refs from another repository\n   pull       Fetch from and integrate with another repository or a local branch\n   push       Update remote refs along with associated objects\n\n'git help -a' and 'git help -g' list available subcommands and some\nconcept guides. See 'git help <command>' or 'git help <concept>'\nto read about a specific subcommand or concept.\nSee 'git help git' for an overview of the system.\n""
[0m08:16:20.505370 [debug] [MainThread]: STDERR: "b''"
[0m08:16:20.507656 [info ] [MainThread]:  - git [[32mOK found[0m]

[0m08:16:20.508279 [info ] [MainThread]: Connection:
[0m08:16:20.508932 [info ] [MainThread]:   method: service-account
[0m08:16:20.509493 [info ] [MainThread]:   database: ammar-zoomcamp
[0m08:16:20.510102 [info ] [MainThread]:   execution_project: ammar-zoomcamp
[0m08:16:20.510674 [info ] [MainThread]:   schema: ecommerce_dataset
[0m08:16:20.511234 [info ] [MainThread]:   location: asia-southeast2
[0m08:16:20.511838 [info ] [MainThread]:   priority: interactive
[0m08:16:20.512397 [info ] [MainThread]:   maximum_bytes_billed: None
[0m08:16:20.513039 [info ] [MainThread]:   impersonate_service_account: None
[0m08:16:20.513663 [info ] [MainThread]:   job_retry_deadline_seconds: None
[0m08:16:20.514272 [info ] [MainThread]:   job_retries: 1
[0m08:16:20.515201 [info ] [MainThread]:   job_creation_timeout_seconds: None
[0m08:16:20.516011 [info ] [MainThread]:   job_execution_timeout_seconds: 300
[0m08:16:20.517121 [info ] [MainThread]:   timeout_seconds: 300
[0m08:16:20.518032 [info ] [MainThread]:   client_id: None
[0m08:16:20.518654 [info ] [MainThread]:   token_uri: None
[0m08:16:20.519272 [info ] [MainThread]:   compute_region: None
[0m08:16:20.520122 [info ] [MainThread]:   dataproc_cluster_name: None
[0m08:16:20.520913 [info ] [MainThread]:   gcs_bucket: None
[0m08:16:20.521671 [info ] [MainThread]:   dataproc_batch: None
[0m08:16:20.522736 [info ] [MainThread]: Registered adapter: bigquery=1.11.1
[0m08:16:20.830129 [debug] [MainThread]: Acquiring new bigquery connection 'debug'
[0m08:16:20.830841 [debug] [MainThread]: On debug: select 1 as id
[0m08:16:20.831409 [debug] [MainThread]: Opening a new connection, currently in state init
[0m08:16:21.653134 [debug] [MainThread]: BigQuery adapter: https://console.cloud.google.com/bigquery?project=ammar-zoomcamp&j=bq:asia-southeast2:86b6428f-eb4b-46c2-8308-dd7ade682c13&page=queryresults
[0m08:16:21.815339 [debug] [MainThread]: SQL status: OK in 0.161 seconds
[0m08:16:21.991624 [info ] [MainThread]:   Connection test: [[32mOK connection ok[0m]

[0m08:16:21.992415 [info ] [MainThread]: [31m1 check failed:[0m
[0m08:16:21.993023 [info ] [MainThread]: Project loading failed for the following reason:
 project path </workspaces/zoomcamp-project/dbt/dbt_project.yml> not found

[0m08:16:21.993881 [debug] [MainThread]: Resource report: {"command_name": "debug", "command_success": false, "command_wall_clock_time": 3.0488555, "process_in_blocks": "5688", "process_kernel_time": 0.622385, "process_mem_max_rss": "233268", "process_out_blocks": "32", "process_user_time": 3.363637}
[0m08:16:21.994512 [debug] [MainThread]: Command `dbt debug` failed at 08:16:21.994398 after 3.05 seconds
[0m08:16:21.995057 [debug] [MainThread]: Connection 'debug' was properly closed.
[0m08:16:21.995625 [debug] [MainThread]: Sending event: {'category': 'dbt', 'action': 'invocation', 'label': 'end', 'context': [<snowplow_tracker.self_describing_json.SelfDescribingJson object at 0x76f7a9a1c950>, <snowplow_tracker.self_describing_json.SelfDescribingJson object at 0x76f7a99e6540>, <snowplow_tracker.self_describing_json.SelfDescribingJson object at 0x76f7be1eb1a0>]}
[0m08:16:21.996215 [debug] [MainThread]: Flushing usage events
[0m08:16:22.986177 [debug] [MainThread]: An error was encountered while trying to flush usage events
